2023-08-26 18:26:53.757 [info] Extension host with pid 248 started
2023-08-26 18:26:53.877 [info] Lock '/home/hec19gar/.vscode-server/data/User/workspaceStorage/e8baf3156ede3352d57e4e9f4686df24/vscode.lock': Lock acquired.
2023-08-26 18:26:53.935 [info] ExtensionService#_doActivateExtension vscode.git-base, startup: true, activationEvent: '*'
2023-08-26 18:26:54.130 [info] ExtensionService#_doActivateExtension vscode.github, startup: true, activationEvent: '*'
2023-08-26 18:26:54.306 [info] Eager extensions activated
2023-08-26 18:26:54.307 [info] ExtensionService#_doActivateExtension vscode.debug-auto-launch, startup: false, activationEvent: 'onStartupFinished'
2023-08-26 18:26:54.308 [info] ExtensionService#_doActivateExtension vscode.merge-conflict, startup: false, activationEvent: 'onStartupFinished'
2023-08-26 18:27:04.447 [info] ExtensionService#_doActivateExtension vscode.git, startup: false, activationEvent: 'api', root cause: vscode.github
2023-08-26 18:27:16.870 [info] ExtensionService#_doActivateExtension vscode.html-language-features, startup: false, activationEvent: 'onLanguage:html'
2023-08-26 18:27:16.871 [info] ExtensionService#_doActivateExtension vscode.emmet, startup: false, activationEvent: 'onLanguage'
2023-08-26 18:28:29.732 [error] [vscode.emmet] provider FAILED
2023-08-26 18:28:29.734 [error] Error: Unable to find matching pair for < at char 27
	at r.error (/home/hec19gar/.vscode-server/bin/6c3e3dba23e8fadc360aed75ce363ba185c49794/extensions/emmet/dist/node/emmetNodeMain.js:1:22191)
	at f (/home/hec19gar/.vscode-server/bin/6c3e3dba23e8fadc360aed75ce363ba185c49794/extensions/emmet/dist/node/emmetNodeMain.js:1:21421)
	at u (/home/hec19gar/.vscode-server/bin/6c3e3dba23e8fadc360aed75ce363ba185c49794/extensions/emmet/dist/node/emmetNodeMain.js:1:14436)
	at l (/home/hec19gar/.vscode-server/bin/6c3e3dba23e8fadc360aed75ce363ba185c49794/extensions/emmet/dist/node/emmetNodeMain.js:1:14549)
	at /home/hec19gar/.vscode-server/bin/6c3e3dba23e8fadc360aed75ce363ba185c49794/extensions/emmet/dist/node/emmetNodeMain.js:1:15164
	at m (/home/hec19gar/.vscode-server/bin/6c3e3dba23e8fadc360aed75ce363ba185c49794/extensions/emmet/dist/node/emmetNodeMain.js:1:15271)
	at A (/home/hec19gar/.vscode-server/bin/6c3e3dba23e8fadc360aed75ce363ba185c49794/extensions/emmet/dist/node/emmetNodeMain.js:1:16189)
	at S (/home/hec19gar/.vscode-server/bin/6c3e3dba23e8fadc360aed75ce363ba185c49794/extensions/emmet/dist/node/emmetNodeMain.js:1:16599)
	at t.$ad (/home/hec19gar/.vscode-server/bin/6c3e3dba23e8fadc360aed75ce363ba185c49794/extensions/emmet/dist/node/emmetNodeMain.js:1:143279)
	at t.$Rd.b (/home/hec19gar/.vscode-server/bin/6c3e3dba23e8fadc360aed75ce363ba185c49794/extensions/emmet/dist/node/emmetNodeMain.js:1:129525)
	at t.$Rd.provideCompletionItems (/home/hec19gar/.vscode-server/bin/6c3e3dba23e8fadc360aed75ce363ba185c49794/extensions/emmet/dist/node/emmetNodeMain.js:1:128531)
	at ce.provideCompletionItems (/home/hec19gar/.vscode-server/bin/6c3e3dba23e8fadc360aed75ce363ba185c49794/out/vs/workbench/api/node/extensionHostProcess.js:105:50201)
	at /home/hec19gar/.vscode-server/bin/6c3e3dba23e8fadc360aed75ce363ba185c49794/out/vs/workbench/api/node/extensionHostProcess.js:105:70866
	at le.s (/home/hec19gar/.vscode-server/bin/6c3e3dba23e8fadc360aed75ce363ba185c49794/out/vs/workbench/api/node/extensionHostProcess.js:105:62744)
	at le.$provideCompletionItems (/home/hec19gar/.vscode-server/bin/6c3e3dba23e8fadc360aed75ce363ba185c49794/out/vs/workbench/api/node/extensionHostProcess.js:105:70852)
	at t.N (/home/hec19gar/.vscode-server/bin/6c3e3dba23e8fadc360aed75ce363ba185c49794/out/vs/workbench/api/node/extensionHostProcess.js:115:7983)
	at t.M (/home/hec19gar/.vscode-server/bin/6c3e3dba23e8fadc360aed75ce363ba185c49794/out/vs/workbench/api/node/extensionHostProcess.js:115:7749)
	at t.H (/home/hec19gar/.vscode-server/bin/6c3e3dba23e8fadc360aed75ce363ba185c49794/out/vs/workbench/api/node/extensionHostProcess.js:115:6791)
	at t.G (/home/hec19gar/.vscode-server/bin/6c3e3dba23e8fadc360aed75ce363ba185c49794/out/vs/workbench/api/node/extensionHostProcess.js:115:5906)
	at r.value (/home/hec19gar/.vscode-server/bin/6c3e3dba23e8fadc360aed75ce363ba185c49794/out/vs/workbench/api/node/extensionHostProcess.js:115:4736)
	at f.w (/home/hec19gar/.vscode-server/bin/6c3e3dba23e8fadc360aed75ce363ba185c49794/out/vs/workbench/api/node/extensionHostProcess.js:63:1902)
	at fire (/home/hec19gar/.vscode-server/bin/6c3e3dba23e8fadc360aed75ce363ba185c49794/out/vs/workbench/api/node/extensionHostProcess.js:63:2119)
	at y.fire (/home/hec19gar/.vscode-server/bin/6c3e3dba23e8fadc360aed75ce363ba185c49794/out/vs/workbench/api/node/extensionHostProcess.js:79:13931)
	at r.value (/home/hec19gar/.vscode-server/bin/6c3e3dba23e8fadc360aed75ce363ba185c49794/out/vs/workbench/api/node/extensionHostProcess.js:131:30355)
	at f.w (/home/hec19gar/.vscode-server/bin/6c3e3dba23e8fadc360aed75ce363ba185c49794/out/vs/workbench/api/node/extensionHostProcess.js:63:1902)
	at fire (/home/hec19gar/.vscode-server/bin/6c3e3dba23e8fadc360aed75ce363ba185c49794/out/vs/workbench/api/node/extensionHostProcess.js:63:2119)
	at y.fire (/home/hec19gar/.vscode-server/bin/6c3e3dba23e8fadc360aed75ce363ba185c49794/out/vs/workbench/api/node/extensionHostProcess.js:79:13931)
	at n.z (/home/hec19gar/.vscode-server/bin/6c3e3dba23e8fadc360aed75ce363ba185c49794/out/vs/workbench/api/node/extensionHostProcess.js:79:16996)
	at r.value (/home/hec19gar/.vscode-server/bin/6c3e3dba23e8fadc360aed75ce363ba185c49794/out/vs/workbench/api/node/extensionHostProcess.js:79:15448)
	at f.w (/home/hec19gar/.vscode-server/bin/6c3e3dba23e8fadc360aed75ce363ba185c49794/out/vs/workbench/api/node/extensionHostProcess.js:63:1902)
	at fire (/home/hec19gar/.vscode-server/bin/6c3e3dba23e8fadc360aed75ce363ba185c49794/out/vs/workbench/api/node/extensionHostProcess.js:63:2119)
	at r.acceptChunk (/home/hec19gar/.vscode-server/bin/6c3e3dba23e8fadc360aed75ce363ba185c49794/out/vs/workbench/api/node/extensionHostProcess.js:79:11705)
	at r.value (/home/hec19gar/.vscode-server/bin/6c3e3dba23e8fadc360aed75ce363ba185c49794/out/vs/workbench/api/node/extensionHostProcess.js:79:10992)
	at f.w (/home/hec19gar/.vscode-server/bin/6c3e3dba23e8fadc360aed75ce363ba185c49794/out/vs/workbench/api/node/extensionHostProcess.js:63:1902)
	at fire (/home/hec19gar/.vscode-server/bin/6c3e3dba23e8fadc360aed75ce363ba185c49794/out/vs/workbench/api/node/extensionHostProcess.js:63:2119)
	at f.u (/home/hec19gar/.vscode-server/bin/6c3e3dba23e8fadc360aed75ce363ba185c49794/out/vs/workbench/api/node/extensionHostProcess.js:131:19097)
	at f.acceptFrame (/home/hec19gar/.vscode-server/bin/6c3e3dba23e8fadc360aed75ce363ba185c49794/out/vs/workbench/api/node/extensionHostProcess.js:131:18903)
	at c.l (/home/hec19gar/.vscode-server/bin/6c3e3dba23e8fadc360aed75ce363ba185c49794/out/vs/workbench/api/node/extensionHostProcess.js:131:17536)
	at /home/hec19gar/.vscode-server/bin/6c3e3dba23e8fadc360aed75ce363ba185c49794/out/vs/workbench/api/node/extensionHostProcess.js:131:14883
	at Socket.v (/home/hec19gar/.vscode-server/bin/6c3e3dba23e8fadc360aed75ce363ba185c49794/out/vs/workbench/api/node/extensionHostProcess.js:131:12797)
	at Socket.emit (node:events:513:28)
	at addChunk (node:internal/streams/readable:315:12)
	at readableAddChunk (node:internal/streams/readable:289:9)
	at Socket.Readable.push (node:internal/streams/readable:228:10)
	at TCP.onStreamRead (node:internal/stream_base_commons:190:23)
2023-08-26 18:28:29.896 [error] [vscode.emmet] provider FAILED
2023-08-26 18:28:29.896 [error] Error: Unable to find matching pair for < at char 27
	at r.error (/home/hec19gar/.vscode-server/bin/6c3e3dba23e8fadc360aed75ce363ba185c49794/extensions/emmet/dist/node/emmetNodeMain.js:1:22191)
	at f (/home/hec19gar/.vscode-server/bin/6c3e3dba23e8fadc360aed75ce363ba185c49794/extensions/emmet/dist/node/emmetNodeMain.js:1:21421)
	at u (/home/hec19gar/.vscode-server/bin/6c3e3dba23e8fadc360aed75ce363ba185c49794/extensions/emmet/dist/node/emmetNodeMain.js:1:14436)
	at l (/home/hec19gar/.vscode-server/bin/6c3e3dba23e8fadc360aed75ce363ba185c49794/extensions/emmet/dist/node/emmetNodeMain.js:1:14549)
	at /home/hec19gar/.vscode-server/bin/6c3e3dba23e8fadc360aed75ce363ba185c49794/extensions/emmet/dist/node/emmetNodeMain.js:1:15164
	at m (/home/hec19gar/.vscode-server/bin/6c3e3dba23e8fadc360aed75ce363ba185c49794/extensions/emmet/dist/node/emmetNodeMain.js:1:15271)
	at A (/home/hec19gar/.vscode-server/bin/6c3e3dba23e8fadc360aed75ce363ba185c49794/extensions/emmet/dist/node/emmetNodeMain.js:1:16189)
	at S (/home/hec19gar/.vscode-server/bin/6c3e3dba23e8fadc360aed75ce363ba185c49794/extensions/emmet/dist/node/emmetNodeMain.js:1:16599)
	at t.$ad (/home/hec19gar/.vscode-server/bin/6c3e3dba23e8fadc360aed75ce363ba185c49794/extensions/emmet/dist/node/emmetNodeMain.js:1:143279)
	at t.$Rd.b (/home/hec19gar/.vscode-server/bin/6c3e3dba23e8fadc360aed75ce363ba185c49794/extensions/emmet/dist/node/emmetNodeMain.js:1:129525)
	at t.$Rd.provideCompletionItems (/home/hec19gar/.vscode-server/bin/6c3e3dba23e8fadc360aed75ce363ba185c49794/extensions/emmet/dist/node/emmetNodeMain.js:1:128531)
	at ce.provideCompletionItems (/home/hec19gar/.vscode-server/bin/6c3e3dba23e8fadc360aed75ce363ba185c49794/out/vs/workbench/api/node/extensionHostProcess.js:105:50201)
	at /home/hec19gar/.vscode-server/bin/6c3e3dba23e8fadc360aed75ce363ba185c49794/out/vs/workbench/api/node/extensionHostProcess.js:105:70866
	at le.s (/home/hec19gar/.vscode-server/bin/6c3e3dba23e8fadc360aed75ce363ba185c49794/out/vs/workbench/api/node/extensionHostProcess.js:105:62744)
	at le.$provideCompletionItems (/home/hec19gar/.vscode-server/bin/6c3e3dba23e8fadc360aed75ce363ba185c49794/out/vs/workbench/api/node/extensionHostProcess.js:105:70852)
	at t.N (/home/hec19gar/.vscode-server/bin/6c3e3dba23e8fadc360aed75ce363ba185c49794/out/vs/workbench/api/node/extensionHostProcess.js:115:7983)
	at t.M (/home/hec19gar/.vscode-server/bin/6c3e3dba23e8fadc360aed75ce363ba185c49794/out/vs/workbench/api/node/extensionHostProcess.js:115:7749)
	at t.H (/home/hec19gar/.vscode-server/bin/6c3e3dba23e8fadc360aed75ce363ba185c49794/out/vs/workbench/api/node/extensionHostProcess.js:115:6791)
	at t.G (/home/hec19gar/.vscode-server/bin/6c3e3dba23e8fadc360aed75ce363ba185c49794/out/vs/workbench/api/node/extensionHostProcess.js:115:5906)
	at r.value (/home/hec19gar/.vscode-server/bin/6c3e3dba23e8fadc360aed75ce363ba185c49794/out/vs/workbench/api/node/extensionHostProcess.js:115:4736)
	at f.w (/home/hec19gar/.vscode-server/bin/6c3e3dba23e8fadc360aed75ce363ba185c49794/out/vs/workbench/api/node/extensionHostProcess.js:63:1902)
	at fire (/home/hec19gar/.vscode-server/bin/6c3e3dba23e8fadc360aed75ce363ba185c49794/out/vs/workbench/api/node/extensionHostProcess.js:63:2119)
	at y.fire (/home/hec19gar/.vscode-server/bin/6c3e3dba23e8fadc360aed75ce363ba185c49794/out/vs/workbench/api/node/extensionHostProcess.js:79:13931)
	at r.value (/home/hec19gar/.vscode-server/bin/6c3e3dba23e8fadc360aed75ce363ba185c49794/out/vs/workbench/api/node/extensionHostProcess.js:131:30355)
	at f.w (/home/hec19gar/.vscode-server/bin/6c3e3dba23e8fadc360aed75ce363ba185c49794/out/vs/workbench/api/node/extensionHostProcess.js:63:1902)
	at fire (/home/hec19gar/.vscode-server/bin/6c3e3dba23e8fadc360aed75ce363ba185c49794/out/vs/workbench/api/node/extensionHostProcess.js:63:2119)
	at y.fire (/home/hec19gar/.vscode-server/bin/6c3e3dba23e8fadc360aed75ce363ba185c49794/out/vs/workbench/api/node/extensionHostProcess.js:79:13931)
	at n.z (/home/hec19gar/.vscode-server/bin/6c3e3dba23e8fadc360aed75ce363ba185c49794/out/vs/workbench/api/node/extensionHostProcess.js:79:16996)
	at r.value (/home/hec19gar/.vscode-server/bin/6c3e3dba23e8fadc360aed75ce363ba185c49794/out/vs/workbench/api/node/extensionHostProcess.js:79:15448)
	at f.w (/home/hec19gar/.vscode-server/bin/6c3e3dba23e8fadc360aed75ce363ba185c49794/out/vs/workbench/api/node/extensionHostProcess.js:63:1902)
	at fire (/home/hec19gar/.vscode-server/bin/6c3e3dba23e8fadc360aed75ce363ba185c49794/out/vs/workbench/api/node/extensionHostProcess.js:63:2119)
	at r.acceptChunk (/home/hec19gar/.vscode-server/bin/6c3e3dba23e8fadc360aed75ce363ba185c49794/out/vs/workbench/api/node/extensionHostProcess.js:79:11705)
	at r.value (/home/hec19gar/.vscode-server/bin/6c3e3dba23e8fadc360aed75ce363ba185c49794/out/vs/workbench/api/node/extensionHostProcess.js:79:10992)
	at f.w (/home/hec19gar/.vscode-server/bin/6c3e3dba23e8fadc360aed75ce363ba185c49794/out/vs/workbench/api/node/extensionHostProcess.js:63:1902)
	at fire (/home/hec19gar/.vscode-server/bin/6c3e3dba23e8fadc360aed75ce363ba185c49794/out/vs/workbench/api/node/extensionHostProcess.js:63:2119)
	at f.u (/home/hec19gar/.vscode-server/bin/6c3e3dba23e8fadc360aed75ce363ba185c49794/out/vs/workbench/api/node/extensionHostProcess.js:131:19097)
	at f.acceptFrame (/home/hec19gar/.vscode-server/bin/6c3e3dba23e8fadc360aed75ce363ba185c49794/out/vs/workbench/api/node/extensionHostProcess.js:131:18903)
	at c.l (/home/hec19gar/.vscode-server/bin/6c3e3dba23e8fadc360aed75ce363ba185c49794/out/vs/workbench/api/node/extensionHostProcess.js:131:17536)
	at /home/hec19gar/.vscode-server/bin/6c3e3dba23e8fadc360aed75ce363ba185c49794/out/vs/workbench/api/node/extensionHostProcess.js:131:14883
	at Socket.v (/home/hec19gar/.vscode-server/bin/6c3e3dba23e8fadc360aed75ce363ba185c49794/out/vs/workbench/api/node/extensionHostProcess.js:131:12797)
	at Socket.emit (node:events:513:28)
	at addChunk (node:internal/streams/readable:315:12)
	at readableAddChunk (node:internal/streams/readable:289:9)
	at Socket.Readable.push (node:internal/streams/readable:228:10)
	at TCP.onStreamRead (node:internal/stream_base_commons:190:23)
2023-08-26 18:28:30.349 [error] [vscode.emmet] provider FAILED
2023-08-26 18:28:30.350 [error] Error: Unable to find matching pair for < at char 27
	at r.error (/home/hec19gar/.vscode-server/bin/6c3e3dba23e8fadc360aed75ce363ba185c49794/extensions/emmet/dist/node/emmetNodeMain.js:1:22191)
	at f (/home/hec19gar/.vscode-server/bin/6c3e3dba23e8fadc360aed75ce363ba185c49794/extensions/emmet/dist/node/emmetNodeMain.js:1:21421)
	at u (/home/hec19gar/.vscode-server/bin/6c3e3dba23e8fadc360aed75ce363ba185c49794/extensions/emmet/dist/node/emmetNodeMain.js:1:14436)
	at l (/home/hec19gar/.vscode-server/bin/6c3e3dba23e8fadc360aed75ce363ba185c49794/extensions/emmet/dist/node/emmetNodeMain.js:1:14549)
	at /home/hec19gar/.vscode-server/bin/6c3e3dba23e8fadc360aed75ce363ba185c49794/extensions/emmet/dist/node/emmetNodeMain.js:1:15164
	at m (/home/hec19gar/.vscode-server/bin/6c3e3dba23e8fadc360aed75ce363ba185c49794/extensions/emmet/dist/node/emmetNodeMain.js:1:15271)
	at A (/home/hec19gar/.vscode-server/bin/6c3e3dba23e8fadc360aed75ce363ba185c49794/extensions/emmet/dist/node/emmetNodeMain.js:1:16189)
	at S (/home/hec19gar/.vscode-server/bin/6c3e3dba23e8fadc360aed75ce363ba185c49794/extensions/emmet/dist/node/emmetNodeMain.js:1:16599)
	at t.$ad (/home/hec19gar/.vscode-server/bin/6c3e3dba23e8fadc360aed75ce363ba185c49794/extensions/emmet/dist/node/emmetNodeMain.js:1:143279)
	at t.$Rd.b (/home/hec19gar/.vscode-server/bin/6c3e3dba23e8fadc360aed75ce363ba185c49794/extensions/emmet/dist/node/emmetNodeMain.js:1:129525)
	at t.$Rd.provideCompletionItems (/home/hec19gar/.vscode-server/bin/6c3e3dba23e8fadc360aed75ce363ba185c49794/extensions/emmet/dist/node/emmetNodeMain.js:1:128531)
	at ce.provideCompletionItems (/home/hec19gar/.vscode-server/bin/6c3e3dba23e8fadc360aed75ce363ba185c49794/out/vs/workbench/api/node/extensionHostProcess.js:105:50201)
	at /home/hec19gar/.vscode-server/bin/6c3e3dba23e8fadc360aed75ce363ba185c49794/out/vs/workbench/api/node/extensionHostProcess.js:105:70866
	at le.s (/home/hec19gar/.vscode-server/bin/6c3e3dba23e8fadc360aed75ce363ba185c49794/out/vs/workbench/api/node/extensionHostProcess.js:105:62744)
	at le.$provideCompletionItems (/home/hec19gar/.vscode-server/bin/6c3e3dba23e8fadc360aed75ce363ba185c49794/out/vs/workbench/api/node/extensionHostProcess.js:105:70852)
	at t.N (/home/hec19gar/.vscode-server/bin/6c3e3dba23e8fadc360aed75ce363ba185c49794/out/vs/workbench/api/node/extensionHostProcess.js:115:7983)
	at t.M (/home/hec19gar/.vscode-server/bin/6c3e3dba23e8fadc360aed75ce363ba185c49794/out/vs/workbench/api/node/extensionHostProcess.js:115:7749)
	at t.H (/home/hec19gar/.vscode-server/bin/6c3e3dba23e8fadc360aed75ce363ba185c49794/out/vs/workbench/api/node/extensionHostProcess.js:115:6791)
	at t.G (/home/hec19gar/.vscode-server/bin/6c3e3dba23e8fadc360aed75ce363ba185c49794/out/vs/workbench/api/node/extensionHostProcess.js:115:5906)
	at r.value (/home/hec19gar/.vscode-server/bin/6c3e3dba23e8fadc360aed75ce363ba185c49794/out/vs/workbench/api/node/extensionHostProcess.js:115:4736)
	at f.w (/home/hec19gar/.vscode-server/bin/6c3e3dba23e8fadc360aed75ce363ba185c49794/out/vs/workbench/api/node/extensionHostProcess.js:63:1902)
	at fire (/home/hec19gar/.vscode-server/bin/6c3e3dba23e8fadc360aed75ce363ba185c49794/out/vs/workbench/api/node/extensionHostProcess.js:63:2119)
	at y.fire (/home/hec19gar/.vscode-server/bin/6c3e3dba23e8fadc360aed75ce363ba185c49794/out/vs/workbench/api/node/extensionHostProcess.js:79:13931)
	at r.value (/home/hec19gar/.vscode-server/bin/6c3e3dba23e8fadc360aed75ce363ba185c49794/out/vs/workbench/api/node/extensionHostProcess.js:131:30355)
	at f.w (/home/hec19gar/.vscode-server/bin/6c3e3dba23e8fadc360aed75ce363ba185c49794/out/vs/workbench/api/node/extensionHostProcess.js:63:1902)
	at fire (/home/hec19gar/.vscode-server/bin/6c3e3dba23e8fadc360aed75ce363ba185c49794/out/vs/workbench/api/node/extensionHostProcess.js:63:2119)
	at y.fire (/home/hec19gar/.vscode-server/bin/6c3e3dba23e8fadc360aed75ce363ba185c49794/out/vs/workbench/api/node/extensionHostProcess.js:79:13931)
	at n.z (/home/hec19gar/.vscode-server/bin/6c3e3dba23e8fadc360aed75ce363ba185c49794/out/vs/workbench/api/node/extensionHostProcess.js:79:16996)
	at r.value (/home/hec19gar/.vscode-server/bin/6c3e3dba23e8fadc360aed75ce363ba185c49794/out/vs/workbench/api/node/extensionHostProcess.js:79:15448)
	at f.w (/home/hec19gar/.vscode-server/bin/6c3e3dba23e8fadc360aed75ce363ba185c49794/out/vs/workbench/api/node/extensionHostProcess.js:63:1902)
	at fire (/home/hec19gar/.vscode-server/bin/6c3e3dba23e8fadc360aed75ce363ba185c49794/out/vs/workbench/api/node/extensionHostProcess.js:63:2119)
	at r.acceptChunk (/home/hec19gar/.vscode-server/bin/6c3e3dba23e8fadc360aed75ce363ba185c49794/out/vs/workbench/api/node/extensionHostProcess.js:79:11705)
	at r.value (/home/hec19gar/.vscode-server/bin/6c3e3dba23e8fadc360aed75ce363ba185c49794/out/vs/workbench/api/node/extensionHostProcess.js:79:10992)
	at f.w (/home/hec19gar/.vscode-server/bin/6c3e3dba23e8fadc360aed75ce363ba185c49794/out/vs/workbench/api/node/extensionHostProcess.js:63:1902)
	at fire (/home/hec19gar/.vscode-server/bin/6c3e3dba23e8fadc360aed75ce363ba185c49794/out/vs/workbench/api/node/extensionHostProcess.js:63:2119)
	at f.u (/home/hec19gar/.vscode-server/bin/6c3e3dba23e8fadc360aed75ce363ba185c49794/out/vs/workbench/api/node/extensionHostProcess.js:131:19097)
	at f.acceptFrame (/home/hec19gar/.vscode-server/bin/6c3e3dba23e8fadc360aed75ce363ba185c49794/out/vs/workbench/api/node/extensionHostProcess.js:131:18903)
	at c.l (/home/hec19gar/.vscode-server/bin/6c3e3dba23e8fadc360aed75ce363ba185c49794/out/vs/workbench/api/node/extensionHostProcess.js:131:17536)
	at /home/hec19gar/.vscode-server/bin/6c3e3dba23e8fadc360aed75ce363ba185c49794/out/vs/workbench/api/node/extensionHostProcess.js:131:14883
	at Socket.v (/home/hec19gar/.vscode-server/bin/6c3e3dba23e8fadc360aed75ce363ba185c49794/out/vs/workbench/api/node/extensionHostProcess.js:131:12797)
	at Socket.emit (node:events:513:28)
	at addChunk (node:internal/streams/readable:315:12)
	at readableAddChunk (node:internal/streams/readable:289:9)
	at Socket.Readable.push (node:internal/streams/readable:228:10)
	at TCP.onStreamRead (node:internal/stream_base_commons:190:23)
2023-08-26 18:28:31.119 [error] [vscode.emmet] provider FAILED
2023-08-26 18:28:31.120 [error] Error: Unable to find matching pair for < at char 27
	at r.error (/home/hec19gar/.vscode-server/bin/6c3e3dba23e8fadc360aed75ce363ba185c49794/extensions/emmet/dist/node/emmetNodeMain.js:1:22191)
	at f (/home/hec19gar/.vscode-server/bin/6c3e3dba23e8fadc360aed75ce363ba185c49794/extensions/emmet/dist/node/emmetNodeMain.js:1:21421)
	at u (/home/hec19gar/.vscode-server/bin/6c3e3dba23e8fadc360aed75ce363ba185c49794/extensions/emmet/dist/node/emmetNodeMain.js:1:14436)
	at l (/home/hec19gar/.vscode-server/bin/6c3e3dba23e8fadc360aed75ce363ba185c49794/extensions/emmet/dist/node/emmetNodeMain.js:1:14549)
	at /home/hec19gar/.vscode-server/bin/6c3e3dba23e8fadc360aed75ce363ba185c49794/extensions/emmet/dist/node/emmetNodeMain.js:1:15164
	at m (/home/hec19gar/.vscode-server/bin/6c3e3dba23e8fadc360aed75ce363ba185c49794/extensions/emmet/dist/node/emmetNodeMain.js:1:15271)
	at A (/home/hec19gar/.vscode-server/bin/6c3e3dba23e8fadc360aed75ce363ba185c49794/extensions/emmet/dist/node/emmetNodeMain.js:1:16189)
	at S (/home/hec19gar/.vscode-server/bin/6c3e3dba23e8fadc360aed75ce363ba185c49794/extensions/emmet/dist/node/emmetNodeMain.js:1:16599)
	at t.$ad (/home/hec19gar/.vscode-server/bin/6c3e3dba23e8fadc360aed75ce363ba185c49794/extensions/emmet/dist/node/emmetNodeMain.js:1:143279)
	at t.$Rd.b (/home/hec19gar/.vscode-server/bin/6c3e3dba23e8fadc360aed75ce363ba185c49794/extensions/emmet/dist/node/emmetNodeMain.js:1:129525)
	at t.$Rd.provideCompletionItems (/home/hec19gar/.vscode-server/bin/6c3e3dba23e8fadc360aed75ce363ba185c49794/extensions/emmet/dist/node/emmetNodeMain.js:1:128531)
	at ce.provideCompletionItems (/home/hec19gar/.vscode-server/bin/6c3e3dba23e8fadc360aed75ce363ba185c49794/out/vs/workbench/api/node/extensionHostProcess.js:105:50201)
	at /home/hec19gar/.vscode-server/bin/6c3e3dba23e8fadc360aed75ce363ba185c49794/out/vs/workbench/api/node/extensionHostProcess.js:105:70866
	at le.s (/home/hec19gar/.vscode-server/bin/6c3e3dba23e8fadc360aed75ce363ba185c49794/out/vs/workbench/api/node/extensionHostProcess.js:105:62744)
	at le.$provideCompletionItems (/home/hec19gar/.vscode-server/bin/6c3e3dba23e8fadc360aed75ce363ba185c49794/out/vs/workbench/api/node/extensionHostProcess.js:105:70852)
	at t.N (/home/hec19gar/.vscode-server/bin/6c3e3dba23e8fadc360aed75ce363ba185c49794/out/vs/workbench/api/node/extensionHostProcess.js:115:7983)
	at t.M (/home/hec19gar/.vscode-server/bin/6c3e3dba23e8fadc360aed75ce363ba185c49794/out/vs/workbench/api/node/extensionHostProcess.js:115:7749)
	at t.H (/home/hec19gar/.vscode-server/bin/6c3e3dba23e8fadc360aed75ce363ba185c49794/out/vs/workbench/api/node/extensionHostProcess.js:115:6791)
	at t.G (/home/hec19gar/.vscode-server/bin/6c3e3dba23e8fadc360aed75ce363ba185c49794/out/vs/workbench/api/node/extensionHostProcess.js:115:5906)
	at r.value (/home/hec19gar/.vscode-server/bin/6c3e3dba23e8fadc360aed75ce363ba185c49794/out/vs/workbench/api/node/extensionHostProcess.js:115:4736)
	at f.w (/home/hec19gar/.vscode-server/bin/6c3e3dba23e8fadc360aed75ce363ba185c49794/out/vs/workbench/api/node/extensionHostProcess.js:63:1902)
	at fire (/home/hec19gar/.vscode-server/bin/6c3e3dba23e8fadc360aed75ce363ba185c49794/out/vs/workbench/api/node/extensionHostProcess.js:63:2119)
	at y.fire (/home/hec19gar/.vscode-server/bin/6c3e3dba23e8fadc360aed75ce363ba185c49794/out/vs/workbench/api/node/extensionHostProcess.js:79:13931)
	at r.value (/home/hec19gar/.vscode-server/bin/6c3e3dba23e8fadc360aed75ce363ba185c49794/out/vs/workbench/api/node/extensionHostProcess.js:131:30355)
	at f.w (/home/hec19gar/.vscode-server/bin/6c3e3dba23e8fadc360aed75ce363ba185c49794/out/vs/workbench/api/node/extensionHostProcess.js:63:1902)
	at fire (/home/hec19gar/.vscode-server/bin/6c3e3dba23e8fadc360aed75ce363ba185c49794/out/vs/workbench/api/node/extensionHostProcess.js:63:2119)
	at y.fire (/home/hec19gar/.vscode-server/bin/6c3e3dba23e8fadc360aed75ce363ba185c49794/out/vs/workbench/api/node/extensionHostProcess.js:79:13931)
	at n.z (/home/hec19gar/.vscode-server/bin/6c3e3dba23e8fadc360aed75ce363ba185c49794/out/vs/workbench/api/node/extensionHostProcess.js:79:16996)
	at r.value (/home/hec19gar/.vscode-server/bin/6c3e3dba23e8fadc360aed75ce363ba185c49794/out/vs/workbench/api/node/extensionHostProcess.js:79:15448)
	at f.w (/home/hec19gar/.vscode-server/bin/6c3e3dba23e8fadc360aed75ce363ba185c49794/out/vs/workbench/api/node/extensionHostProcess.js:63:1902)
	at fire (/home/hec19gar/.vscode-server/bin/6c3e3dba23e8fadc360aed75ce363ba185c49794/out/vs/workbench/api/node/extensionHostProcess.js:63:2119)
	at r.acceptChunk (/home/hec19gar/.vscode-server/bin/6c3e3dba23e8fadc360aed75ce363ba185c49794/out/vs/workbench/api/node/extensionHostProcess.js:79:11705)
	at r.value (/home/hec19gar/.vscode-server/bin/6c3e3dba23e8fadc360aed75ce363ba185c49794/out/vs/workbench/api/node/extensionHostProcess.js:79:10992)
	at f.w (/home/hec19gar/.vscode-server/bin/6c3e3dba23e8fadc360aed75ce363ba185c49794/out/vs/workbench/api/node/extensionHostProcess.js:63:1902)
	at fire (/home/hec19gar/.vscode-server/bin/6c3e3dba23e8fadc360aed75ce363ba185c49794/out/vs/workbench/api/node/extensionHostProcess.js:63:2119)
	at f.u (/home/hec19gar/.vscode-server/bin/6c3e3dba23e8fadc360aed75ce363ba185c49794/out/vs/workbench/api/node/extensionHostProcess.js:131:19097)
	at f.acceptFrame (/home/hec19gar/.vscode-server/bin/6c3e3dba23e8fadc360aed75ce363ba185c49794/out/vs/workbench/api/node/extensionHostProcess.js:131:18903)
	at c.l (/home/hec19gar/.vscode-server/bin/6c3e3dba23e8fadc360aed75ce363ba185c49794/out/vs/workbench/api/node/extensionHostProcess.js:131:17536)
	at /home/hec19gar/.vscode-server/bin/6c3e3dba23e8fadc360aed75ce363ba185c49794/out/vs/workbench/api/node/extensionHostProcess.js:131:14883
	at Socket.v (/home/hec19gar/.vscode-server/bin/6c3e3dba23e8fadc360aed75ce363ba185c49794/out/vs/workbench/api/node/extensionHostProcess.js:131:12797)
	at Socket.emit (node:events:513:28)
	at addChunk (node:internal/streams/readable:315:12)
	at readableAddChunk (node:internal/streams/readable:289:9)
	at Socket.Readable.push (node:internal/streams/readable:228:10)
	at TCP.onStreamRead (node:internal/stream_base_commons:190:23)
2023-08-26 18:28:43.257 [error] [vscode.emmet] provider FAILED
2023-08-26 18:28:43.258 [error] Error: Unable to find matching pair for < at char 42
	at r.error (/home/hec19gar/.vscode-server/bin/6c3e3dba23e8fadc360aed75ce363ba185c49794/extensions/emmet/dist/node/emmetNodeMain.js:1:22191)
	at f (/home/hec19gar/.vscode-server/bin/6c3e3dba23e8fadc360aed75ce363ba185c49794/extensions/emmet/dist/node/emmetNodeMain.js:1:21421)
	at u (/home/hec19gar/.vscode-server/bin/6c3e3dba23e8fadc360aed75ce363ba185c49794/extensions/emmet/dist/node/emmetNodeMain.js:1:14436)
	at l (/home/hec19gar/.vscode-server/bin/6c3e3dba23e8fadc360aed75ce363ba185c49794/extensions/emmet/dist/node/emmetNodeMain.js:1:14549)
	at /home/hec19gar/.vscode-server/bin/6c3e3dba23e8fadc360aed75ce363ba185c49794/extensions/emmet/dist/node/emmetNodeMain.js:1:15164
	at m (/home/hec19gar/.vscode-server/bin/6c3e3dba23e8fadc360aed75ce363ba185c49794/extensions/emmet/dist/node/emmetNodeMain.js:1:15271)
	at A (/home/hec19gar/.vscode-server/bin/6c3e3dba23e8fadc360aed75ce363ba185c49794/extensions/emmet/dist/node/emmetNodeMain.js:1:16189)
	at S (/home/hec19gar/.vscode-server/bin/6c3e3dba23e8fadc360aed75ce363ba185c49794/extensions/emmet/dist/node/emmetNodeMain.js:1:16599)
	at t.$ad (/home/hec19gar/.vscode-server/bin/6c3e3dba23e8fadc360aed75ce363ba185c49794/extensions/emmet/dist/node/emmetNodeMain.js:1:143279)
	at t.$Rd.b (/home/hec19gar/.vscode-server/bin/6c3e3dba23e8fadc360aed75ce363ba185c49794/extensions/emmet/dist/node/emmetNodeMain.js:1:129525)
	at t.$Rd.provideCompletionItems (/home/hec19gar/.vscode-server/bin/6c3e3dba23e8fadc360aed75ce363ba185c49794/extensions/emmet/dist/node/emmetNodeMain.js:1:128531)
	at ce.provideCompletionItems (/home/hec19gar/.vscode-server/bin/6c3e3dba23e8fadc360aed75ce363ba185c49794/out/vs/workbench/api/node/extensionHostProcess.js:105:50201)
	at /home/hec19gar/.vscode-server/bin/6c3e3dba23e8fadc360aed75ce363ba185c49794/out/vs/workbench/api/node/extensionHostProcess.js:105:70866
	at le.s (/home/hec19gar/.vscode-server/bin/6c3e3dba23e8fadc360aed75ce363ba185c49794/out/vs/workbench/api/node/extensionHostProcess.js:105:62744)
	at le.$provideCompletionItems (/home/hec19gar/.vscode-server/bin/6c3e3dba23e8fadc360aed75ce363ba185c49794/out/vs/workbench/api/node/extensionHostProcess.js:105:70852)
	at t.N (/home/hec19gar/.vscode-server/bin/6c3e3dba23e8fadc360aed75ce363ba185c49794/out/vs/workbench/api/node/extensionHostProcess.js:115:7983)
	at t.M (/home/hec19gar/.vscode-server/bin/6c3e3dba23e8fadc360aed75ce363ba185c49794/out/vs/workbench/api/node/extensionHostProcess.js:115:7749)
	at t.H (/home/hec19gar/.vscode-server/bin/6c3e3dba23e8fadc360aed75ce363ba185c49794/out/vs/workbench/api/node/extensionHostProcess.js:115:6791)
	at t.G (/home/hec19gar/.vscode-server/bin/6c3e3dba23e8fadc360aed75ce363ba185c49794/out/vs/workbench/api/node/extensionHostProcess.js:115:5906)
	at r.value (/home/hec19gar/.vscode-server/bin/6c3e3dba23e8fadc360aed75ce363ba185c49794/out/vs/workbench/api/node/extensionHostProcess.js:115:4736)
	at f.w (/home/hec19gar/.vscode-server/bin/6c3e3dba23e8fadc360aed75ce363ba185c49794/out/vs/workbench/api/node/extensionHostProcess.js:63:1902)
	at fire (/home/hec19gar/.vscode-server/bin/6c3e3dba23e8fadc360aed75ce363ba185c49794/out/vs/workbench/api/node/extensionHostProcess.js:63:2119)
	at y.fire (/home/hec19gar/.vscode-server/bin/6c3e3dba23e8fadc360aed75ce363ba185c49794/out/vs/workbench/api/node/extensionHostProcess.js:79:13931)
	at r.value (/home/hec19gar/.vscode-server/bin/6c3e3dba23e8fadc360aed75ce363ba185c49794/out/vs/workbench/api/node/extensionHostProcess.js:131:30355)
	at f.w (/home/hec19gar/.vscode-server/bin/6c3e3dba23e8fadc360aed75ce363ba185c49794/out/vs/workbench/api/node/extensionHostProcess.js:63:1902)
	at fire (/home/hec19gar/.vscode-server/bin/6c3e3dba23e8fadc360aed75ce363ba185c49794/out/vs/workbench/api/node/extensionHostProcess.js:63:2119)
	at y.fire (/home/hec19gar/.vscode-server/bin/6c3e3dba23e8fadc360aed75ce363ba185c49794/out/vs/workbench/api/node/extensionHostProcess.js:79:13931)
	at n.z (/home/hec19gar/.vscode-server/bin/6c3e3dba23e8fadc360aed75ce363ba185c49794/out/vs/workbench/api/node/extensionHostProcess.js:79:16996)
	at r.value (/home/hec19gar/.vscode-server/bin/6c3e3dba23e8fadc360aed75ce363ba185c49794/out/vs/workbench/api/node/extensionHostProcess.js:79:15448)
	at f.w (/home/hec19gar/.vscode-server/bin/6c3e3dba23e8fadc360aed75ce363ba185c49794/out/vs/workbench/api/node/extensionHostProcess.js:63:1902)
	at fire (/home/hec19gar/.vscode-server/bin/6c3e3dba23e8fadc360aed75ce363ba185c49794/out/vs/workbench/api/node/extensionHostProcess.js:63:2119)
	at r.acceptChunk (/home/hec19gar/.vscode-server/bin/6c3e3dba23e8fadc360aed75ce363ba185c49794/out/vs/workbench/api/node/extensionHostProcess.js:79:11705)
	at r.value (/home/hec19gar/.vscode-server/bin/6c3e3dba23e8fadc360aed75ce363ba185c49794/out/vs/workbench/api/node/extensionHostProcess.js:79:10992)
	at f.w (/home/hec19gar/.vscode-server/bin/6c3e3dba23e8fadc360aed75ce363ba185c49794/out/vs/workbench/api/node/extensionHostProcess.js:63:1902)
	at fire (/home/hec19gar/.vscode-server/bin/6c3e3dba23e8fadc360aed75ce363ba185c49794/out/vs/workbench/api/node/extensionHostProcess.js:63:2119)
	at f.u (/home/hec19gar/.vscode-server/bin/6c3e3dba23e8fadc360aed75ce363ba185c49794/out/vs/workbench/api/node/extensionHostProcess.js:131:19097)
	at f.acceptFrame (/home/hec19gar/.vscode-server/bin/6c3e3dba23e8fadc360aed75ce363ba185c49794/out/vs/workbench/api/node/extensionHostProcess.js:131:18903)
	at c.l (/home/hec19gar/.vscode-server/bin/6c3e3dba23e8fadc360aed75ce363ba185c49794/out/vs/workbench/api/node/extensionHostProcess.js:131:17536)
	at /home/hec19gar/.vscode-server/bin/6c3e3dba23e8fadc360aed75ce363ba185c49794/out/vs/workbench/api/node/extensionHostProcess.js:131:14883
	at Socket.v (/home/hec19gar/.vscode-server/bin/6c3e3dba23e8fadc360aed75ce363ba185c49794/out/vs/workbench/api/node/extensionHostProcess.js:131:12797)
	at Socket.emit (node:events:513:28)
	at addChunk (node:internal/streams/readable:315:12)
	at readableAddChunk (node:internal/streams/readable:289:9)
	at Socket.Readable.push (node:internal/streams/readable:228:10)
	at TCP.onStreamRead (node:internal/stream_base_commons:190:23)
2023-08-26 18:29:08.918 [error] [vscode.emmet] provider FAILED
2023-08-26 18:29:08.919 [error] Error: Unable to find matching pair for < at char 77
	at r.error (/home/hec19gar/.vscode-server/bin/6c3e3dba23e8fadc360aed75ce363ba185c49794/extensions/emmet/dist/node/emmetNodeMain.js:1:22191)
	at f (/home/hec19gar/.vscode-server/bin/6c3e3dba23e8fadc360aed75ce363ba185c49794/extensions/emmet/dist/node/emmetNodeMain.js:1:21421)
	at u (/home/hec19gar/.vscode-server/bin/6c3e3dba23e8fadc360aed75ce363ba185c49794/extensions/emmet/dist/node/emmetNodeMain.js:1:14436)
	at l (/home/hec19gar/.vscode-server/bin/6c3e3dba23e8fadc360aed75ce363ba185c49794/extensions/emmet/dist/node/emmetNodeMain.js:1:14549)
	at /home/hec19gar/.vscode-server/bin/6c3e3dba23e8fadc360aed75ce363ba185c49794/extensions/emmet/dist/node/emmetNodeMain.js:1:15164
	at m (/home/hec19gar/.vscode-server/bin/6c3e3dba23e8fadc360aed75ce363ba185c49794/extensions/emmet/dist/node/emmetNodeMain.js:1:15271)
	at A (/home/hec19gar/.vscode-server/bin/6c3e3dba23e8fadc360aed75ce363ba185c49794/extensions/emmet/dist/node/emmetNodeMain.js:1:16189)
	at S (/home/hec19gar/.vscode-server/bin/6c3e3dba23e8fadc360aed75ce363ba185c49794/extensions/emmet/dist/node/emmetNodeMain.js:1:16599)
	at t.$ad (/home/hec19gar/.vscode-server/bin/6c3e3dba23e8fadc360aed75ce363ba185c49794/extensions/emmet/dist/node/emmetNodeMain.js:1:143279)
	at t.$Rd.b (/home/hec19gar/.vscode-server/bin/6c3e3dba23e8fadc360aed75ce363ba185c49794/extensions/emmet/dist/node/emmetNodeMain.js:1:129525)
	at t.$Rd.provideCompletionItems (/home/hec19gar/.vscode-server/bin/6c3e3dba23e8fadc360aed75ce363ba185c49794/extensions/emmet/dist/node/emmetNodeMain.js:1:128531)
	at ce.provideCompletionItems (/home/hec19gar/.vscode-server/bin/6c3e3dba23e8fadc360aed75ce363ba185c49794/out/vs/workbench/api/node/extensionHostProcess.js:105:50201)
	at /home/hec19gar/.vscode-server/bin/6c3e3dba23e8fadc360aed75ce363ba185c49794/out/vs/workbench/api/node/extensionHostProcess.js:105:70866
	at le.s (/home/hec19gar/.vscode-server/bin/6c3e3dba23e8fadc360aed75ce363ba185c49794/out/vs/workbench/api/node/extensionHostProcess.js:105:62744)
	at le.$provideCompletionItems (/home/hec19gar/.vscode-server/bin/6c3e3dba23e8fadc360aed75ce363ba185c49794/out/vs/workbench/api/node/extensionHostProcess.js:105:70852)
	at t.N (/home/hec19gar/.vscode-server/bin/6c3e3dba23e8fadc360aed75ce363ba185c49794/out/vs/workbench/api/node/extensionHostProcess.js:115:7983)
	at t.M (/home/hec19gar/.vscode-server/bin/6c3e3dba23e8fadc360aed75ce363ba185c49794/out/vs/workbench/api/node/extensionHostProcess.js:115:7749)
	at t.H (/home/hec19gar/.vscode-server/bin/6c3e3dba23e8fadc360aed75ce363ba185c49794/out/vs/workbench/api/node/extensionHostProcess.js:115:6791)
	at t.G (/home/hec19gar/.vscode-server/bin/6c3e3dba23e8fadc360aed75ce363ba185c49794/out/vs/workbench/api/node/extensionHostProcess.js:115:5906)
	at r.value (/home/hec19gar/.vscode-server/bin/6c3e3dba23e8fadc360aed75ce363ba185c49794/out/vs/workbench/api/node/extensionHostProcess.js:115:4736)
	at f.w (/home/hec19gar/.vscode-server/bin/6c3e3dba23e8fadc360aed75ce363ba185c49794/out/vs/workbench/api/node/extensionHostProcess.js:63:1902)
	at fire (/home/hec19gar/.vscode-server/bin/6c3e3dba23e8fadc360aed75ce363ba185c49794/out/vs/workbench/api/node/extensionHostProcess.js:63:2119)
	at y.fire (/home/hec19gar/.vscode-server/bin/6c3e3dba23e8fadc360aed75ce363ba185c49794/out/vs/workbench/api/node/extensionHostProcess.js:79:13931)
	at r.value (/home/hec19gar/.vscode-server/bin/6c3e3dba23e8fadc360aed75ce363ba185c49794/out/vs/workbench/api/node/extensionHostProcess.js:131:30355)
	at f.w (/home/hec19gar/.vscode-server/bin/6c3e3dba23e8fadc360aed75ce363ba185c49794/out/vs/workbench/api/node/extensionHostProcess.js:63:1902)
	at fire (/home/hec19gar/.vscode-server/bin/6c3e3dba23e8fadc360aed75ce363ba185c49794/out/vs/workbench/api/node/extensionHostProcess.js:63:2119)
	at y.fire (/home/hec19gar/.vscode-server/bin/6c3e3dba23e8fadc360aed75ce363ba185c49794/out/vs/workbench/api/node/extensionHostProcess.js:79:13931)
	at n.z (/home/hec19gar/.vscode-server/bin/6c3e3dba23e8fadc360aed75ce363ba185c49794/out/vs/workbench/api/node/extensionHostProcess.js:79:16996)
	at r.value (/home/hec19gar/.vscode-server/bin/6c3e3dba23e8fadc360aed75ce363ba185c49794/out/vs/workbench/api/node/extensionHostProcess.js:79:15448)
	at f.w (/home/hec19gar/.vscode-server/bin/6c3e3dba23e8fadc360aed75ce363ba185c49794/out/vs/workbench/api/node/extensionHostProcess.js:63:1902)
	at fire (/home/hec19gar/.vscode-server/bin/6c3e3dba23e8fadc360aed75ce363ba185c49794/out/vs/workbench/api/node/extensionHostProcess.js:63:2119)
	at r.acceptChunk (/home/hec19gar/.vscode-server/bin/6c3e3dba23e8fadc360aed75ce363ba185c49794/out/vs/workbench/api/node/extensionHostProcess.js:79:11705)
	at r.value (/home/hec19gar/.vscode-server/bin/6c3e3dba23e8fadc360aed75ce363ba185c49794/out/vs/workbench/api/node/extensionHostProcess.js:79:10992)
	at f.w (/home/hec19gar/.vscode-server/bin/6c3e3dba23e8fadc360aed75ce363ba185c49794/out/vs/workbench/api/node/extensionHostProcess.js:63:1902)
	at fire (/home/hec19gar/.vscode-server/bin/6c3e3dba23e8fadc360aed75ce363ba185c49794/out/vs/workbench/api/node/extensionHostProcess.js:63:2119)
	at f.u (/home/hec19gar/.vscode-server/bin/6c3e3dba23e8fadc360aed75ce363ba185c49794/out/vs/workbench/api/node/extensionHostProcess.js:131:19097)
	at f.acceptFrame (/home/hec19gar/.vscode-server/bin/6c3e3dba23e8fadc360aed75ce363ba185c49794/out/vs/workbench/api/node/extensionHostProcess.js:131:18903)
	at c.l (/home/hec19gar/.vscode-server/bin/6c3e3dba23e8fadc360aed75ce363ba185c49794/out/vs/workbench/api/node/extensionHostProcess.js:131:17536)
	at /home/hec19gar/.vscode-server/bin/6c3e3dba23e8fadc360aed75ce363ba185c49794/out/vs/workbench/api/node/extensionHostProcess.js:131:14883
	at Socket.v (/home/hec19gar/.vscode-server/bin/6c3e3dba23e8fadc360aed75ce363ba185c49794/out/vs/workbench/api/node/extensionHostProcess.js:131:12797)
	at Socket.emit (node:events:513:28)
	at addChunk (node:internal/streams/readable:315:12)
	at readableAddChunk (node:internal/streams/readable:289:9)
	at Socket.Readable.push (node:internal/streams/readable:228:10)
	at TCP.onStreamRead (node:internal/stream_base_commons:190:23)
2023-08-26 18:29:38.151 [error] [vscode.emmet] provider FAILED
2023-08-26 18:29:38.152 [error] Error: Unable to find matching pair for < at char 96
	at r.error (/home/hec19gar/.vscode-server/bin/6c3e3dba23e8fadc360aed75ce363ba185c49794/extensions/emmet/dist/node/emmetNodeMain.js:1:22191)
	at f (/home/hec19gar/.vscode-server/bin/6c3e3dba23e8fadc360aed75ce363ba185c49794/extensions/emmet/dist/node/emmetNodeMain.js:1:21421)
	at u (/home/hec19gar/.vscode-server/bin/6c3e3dba23e8fadc360aed75ce363ba185c49794/extensions/emmet/dist/node/emmetNodeMain.js:1:14436)
	at l (/home/hec19gar/.vscode-server/bin/6c3e3dba23e8fadc360aed75ce363ba185c49794/extensions/emmet/dist/node/emmetNodeMain.js:1:14549)
	at /home/hec19gar/.vscode-server/bin/6c3e3dba23e8fadc360aed75ce363ba185c49794/extensions/emmet/dist/node/emmetNodeMain.js:1:15164
	at m (/home/hec19gar/.vscode-server/bin/6c3e3dba23e8fadc360aed75ce363ba185c49794/extensions/emmet/dist/node/emmetNodeMain.js:1:15271)
	at A (/home/hec19gar/.vscode-server/bin/6c3e3dba23e8fadc360aed75ce363ba185c49794/extensions/emmet/dist/node/emmetNodeMain.js:1:16189)
	at S (/home/hec19gar/.vscode-server/bin/6c3e3dba23e8fadc360aed75ce363ba185c49794/extensions/emmet/dist/node/emmetNodeMain.js:1:16599)
	at t.$ad (/home/hec19gar/.vscode-server/bin/6c3e3dba23e8fadc360aed75ce363ba185c49794/extensions/emmet/dist/node/emmetNodeMain.js:1:143279)
	at t.$Rd.b (/home/hec19gar/.vscode-server/bin/6c3e3dba23e8fadc360aed75ce363ba185c49794/extensions/emmet/dist/node/emmetNodeMain.js:1:129525)
	at t.$Rd.provideCompletionItems (/home/hec19gar/.vscode-server/bin/6c3e3dba23e8fadc360aed75ce363ba185c49794/extensions/emmet/dist/node/emmetNodeMain.js:1:128531)
	at ce.provideCompletionItems (/home/hec19gar/.vscode-server/bin/6c3e3dba23e8fadc360aed75ce363ba185c49794/out/vs/workbench/api/node/extensionHostProcess.js:105:50201)
	at /home/hec19gar/.vscode-server/bin/6c3e3dba23e8fadc360aed75ce363ba185c49794/out/vs/workbench/api/node/extensionHostProcess.js:105:70866
	at le.s (/home/hec19gar/.vscode-server/bin/6c3e3dba23e8fadc360aed75ce363ba185c49794/out/vs/workbench/api/node/extensionHostProcess.js:105:62744)
	at le.$provideCompletionItems (/home/hec19gar/.vscode-server/bin/6c3e3dba23e8fadc360aed75ce363ba185c49794/out/vs/workbench/api/node/extensionHostProcess.js:105:70852)
	at t.N (/home/hec19gar/.vscode-server/bin/6c3e3dba23e8fadc360aed75ce363ba185c49794/out/vs/workbench/api/node/extensionHostProcess.js:115:7983)
	at t.M (/home/hec19gar/.vscode-server/bin/6c3e3dba23e8fadc360aed75ce363ba185c49794/out/vs/workbench/api/node/extensionHostProcess.js:115:7749)
	at t.H (/home/hec19gar/.vscode-server/bin/6c3e3dba23e8fadc360aed75ce363ba185c49794/out/vs/workbench/api/node/extensionHostProcess.js:115:6791)
	at t.G (/home/hec19gar/.vscode-server/bin/6c3e3dba23e8fadc360aed75ce363ba185c49794/out/vs/workbench/api/node/extensionHostProcess.js:115:5906)
	at r.value (/home/hec19gar/.vscode-server/bin/6c3e3dba23e8fadc360aed75ce363ba185c49794/out/vs/workbench/api/node/extensionHostProcess.js:115:4736)
	at f.w (/home/hec19gar/.vscode-server/bin/6c3e3dba23e8fadc360aed75ce363ba185c49794/out/vs/workbench/api/node/extensionHostProcess.js:63:1902)
	at fire (/home/hec19gar/.vscode-server/bin/6c3e3dba23e8fadc360aed75ce363ba185c49794/out/vs/workbench/api/node/extensionHostProcess.js:63:2119)
	at y.fire (/home/hec19gar/.vscode-server/bin/6c3e3dba23e8fadc360aed75ce363ba185c49794/out/vs/workbench/api/node/extensionHostProcess.js:79:13931)
	at r.value (/home/hec19gar/.vscode-server/bin/6c3e3dba23e8fadc360aed75ce363ba185c49794/out/vs/workbench/api/node/extensionHostProcess.js:131:30355)
	at f.w (/home/hec19gar/.vscode-server/bin/6c3e3dba23e8fadc360aed75ce363ba185c49794/out/vs/workbench/api/node/extensionHostProcess.js:63:1902)
	at fire (/home/hec19gar/.vscode-server/bin/6c3e3dba23e8fadc360aed75ce363ba185c49794/out/vs/workbench/api/node/extensionHostProcess.js:63:2119)
	at y.fire (/home/hec19gar/.vscode-server/bin/6c3e3dba23e8fadc360aed75ce363ba185c49794/out/vs/workbench/api/node/extensionHostProcess.js:79:13931)
	at n.z (/home/hec19gar/.vscode-server/bin/6c3e3dba23e8fadc360aed75ce363ba185c49794/out/vs/workbench/api/node/extensionHostProcess.js:79:16996)
	at r.value (/home/hec19gar/.vscode-server/bin/6c3e3dba23e8fadc360aed75ce363ba185c49794/out/vs/workbench/api/node/extensionHostProcess.js:79:15448)
	at f.w (/home/hec19gar/.vscode-server/bin/6c3e3dba23e8fadc360aed75ce363ba185c49794/out/vs/workbench/api/node/extensionHostProcess.js:63:1902)
	at fire (/home/hec19gar/.vscode-server/bin/6c3e3dba23e8fadc360aed75ce363ba185c49794/out/vs/workbench/api/node/extensionHostProcess.js:63:2119)
	at r.acceptChunk (/home/hec19gar/.vscode-server/bin/6c3e3dba23e8fadc360aed75ce363ba185c49794/out/vs/workbench/api/node/extensionHostProcess.js:79:11705)
	at r.value (/home/hec19gar/.vscode-server/bin/6c3e3dba23e8fadc360aed75ce363ba185c49794/out/vs/workbench/api/node/extensionHostProcess.js:79:10992)
	at f.w (/home/hec19gar/.vscode-server/bin/6c3e3dba23e8fadc360aed75ce363ba185c49794/out/vs/workbench/api/node/extensionHostProcess.js:63:1902)
	at fire (/home/hec19gar/.vscode-server/bin/6c3e3dba23e8fadc360aed75ce363ba185c49794/out/vs/workbench/api/node/extensionHostProcess.js:63:2119)
	at f.u (/home/hec19gar/.vscode-server/bin/6c3e3dba23e8fadc360aed75ce363ba185c49794/out/vs/workbench/api/node/extensionHostProcess.js:131:19097)
	at f.acceptFrame (/home/hec19gar/.vscode-server/bin/6c3e3dba23e8fadc360aed75ce363ba185c49794/out/vs/workbench/api/node/extensionHostProcess.js:131:18903)
	at c.l (/home/hec19gar/.vscode-server/bin/6c3e3dba23e8fadc360aed75ce363ba185c49794/out/vs/workbench/api/node/extensionHostProcess.js:131:17536)
	at /home/hec19gar/.vscode-server/bin/6c3e3dba23e8fadc360aed75ce363ba185c49794/out/vs/workbench/api/node/extensionHostProcess.js:131:14883
	at Socket.v (/home/hec19gar/.vscode-server/bin/6c3e3dba23e8fadc360aed75ce363ba185c49794/out/vs/workbench/api/node/extensionHostProcess.js:131:12797)
	at Socket.emit (node:events:513:28)
	at addChunk (node:internal/streams/readable:315:12)
	at readableAddChunk (node:internal/streams/readable:289:9)
	at Socket.Readable.push (node:internal/streams/readable:228:10)
	at TCP.onStreamRead (node:internal/stream_base_commons:190:23)
2023-08-26 18:29:53.554 [error] [vscode.emmet] provider FAILED
2023-08-26 18:29:53.555 [error] Error: Unable to find matching pair for < at char 114
	at r.error (/home/hec19gar/.vscode-server/bin/6c3e3dba23e8fadc360aed75ce363ba185c49794/extensions/emmet/dist/node/emmetNodeMain.js:1:22191)
	at f (/home/hec19gar/.vscode-server/bin/6c3e3dba23e8fadc360aed75ce363ba185c49794/extensions/emmet/dist/node/emmetNodeMain.js:1:21421)
	at u (/home/hec19gar/.vscode-server/bin/6c3e3dba23e8fadc360aed75ce363ba185c49794/extensions/emmet/dist/node/emmetNodeMain.js:1:14436)
	at l (/home/hec19gar/.vscode-server/bin/6c3e3dba23e8fadc360aed75ce363ba185c49794/extensions/emmet/dist/node/emmetNodeMain.js:1:14549)
	at /home/hec19gar/.vscode-server/bin/6c3e3dba23e8fadc360aed75ce363ba185c49794/extensions/emmet/dist/node/emmetNodeMain.js:1:15164
	at m (/home/hec19gar/.vscode-server/bin/6c3e3dba23e8fadc360aed75ce363ba185c49794/extensions/emmet/dist/node/emmetNodeMain.js:1:15271)
	at A (/home/hec19gar/.vscode-server/bin/6c3e3dba23e8fadc360aed75ce363ba185c49794/extensions/emmet/dist/node/emmetNodeMain.js:1:16189)
	at S (/home/hec19gar/.vscode-server/bin/6c3e3dba23e8fadc360aed75ce363ba185c49794/extensions/emmet/dist/node/emmetNodeMain.js:1:16599)
	at t.$ad (/home/hec19gar/.vscode-server/bin/6c3e3dba23e8fadc360aed75ce363ba185c49794/extensions/emmet/dist/node/emmetNodeMain.js:1:143279)
	at t.$Rd.b (/home/hec19gar/.vscode-server/bin/6c3e3dba23e8fadc360aed75ce363ba185c49794/extensions/emmet/dist/node/emmetNodeMain.js:1:129525)
	at t.$Rd.provideCompletionItems (/home/hec19gar/.vscode-server/bin/6c3e3dba23e8fadc360aed75ce363ba185c49794/extensions/emmet/dist/node/emmetNodeMain.js:1:128531)
	at ce.provideCompletionItems (/home/hec19gar/.vscode-server/bin/6c3e3dba23e8fadc360aed75ce363ba185c49794/out/vs/workbench/api/node/extensionHostProcess.js:105:50201)
	at /home/hec19gar/.vscode-server/bin/6c3e3dba23e8fadc360aed75ce363ba185c49794/out/vs/workbench/api/node/extensionHostProcess.js:105:70866
	at le.s (/home/hec19gar/.vscode-server/bin/6c3e3dba23e8fadc360aed75ce363ba185c49794/out/vs/workbench/api/node/extensionHostProcess.js:105:62744)
	at le.$provideCompletionItems (/home/hec19gar/.vscode-server/bin/6c3e3dba23e8fadc360aed75ce363ba185c49794/out/vs/workbench/api/node/extensionHostProcess.js:105:70852)
	at t.N (/home/hec19gar/.vscode-server/bin/6c3e3dba23e8fadc360aed75ce363ba185c49794/out/vs/workbench/api/node/extensionHostProcess.js:115:7983)
	at t.M (/home/hec19gar/.vscode-server/bin/6c3e3dba23e8fadc360aed75ce363ba185c49794/out/vs/workbench/api/node/extensionHostProcess.js:115:7749)
	at t.H (/home/hec19gar/.vscode-server/bin/6c3e3dba23e8fadc360aed75ce363ba185c49794/out/vs/workbench/api/node/extensionHostProcess.js:115:6791)
	at t.G (/home/hec19gar/.vscode-server/bin/6c3e3dba23e8fadc360aed75ce363ba185c49794/out/vs/workbench/api/node/extensionHostProcess.js:115:5906)
	at r.value (/home/hec19gar/.vscode-server/bin/6c3e3dba23e8fadc360aed75ce363ba185c49794/out/vs/workbench/api/node/extensionHostProcess.js:115:4736)
	at f.w (/home/hec19gar/.vscode-server/bin/6c3e3dba23e8fadc360aed75ce363ba185c49794/out/vs/workbench/api/node/extensionHostProcess.js:63:1902)
	at fire (/home/hec19gar/.vscode-server/bin/6c3e3dba23e8fadc360aed75ce363ba185c49794/out/vs/workbench/api/node/extensionHostProcess.js:63:2119)
	at y.fire (/home/hec19gar/.vscode-server/bin/6c3e3dba23e8fadc360aed75ce363ba185c49794/out/vs/workbench/api/node/extensionHostProcess.js:79:13931)
	at r.value (/home/hec19gar/.vscode-server/bin/6c3e3dba23e8fadc360aed75ce363ba185c49794/out/vs/workbench/api/node/extensionHostProcess.js:131:30355)
	at f.w (/home/hec19gar/.vscode-server/bin/6c3e3dba23e8fadc360aed75ce363ba185c49794/out/vs/workbench/api/node/extensionHostProcess.js:63:1902)
	at fire (/home/hec19gar/.vscode-server/bin/6c3e3dba23e8fadc360aed75ce363ba185c49794/out/vs/workbench/api/node/extensionHostProcess.js:63:2119)
	at y.fire (/home/hec19gar/.vscode-server/bin/6c3e3dba23e8fadc360aed75ce363ba185c49794/out/vs/workbench/api/node/extensionHostProcess.js:79:13931)
	at n.z (/home/hec19gar/.vscode-server/bin/6c3e3dba23e8fadc360aed75ce363ba185c49794/out/vs/workbench/api/node/extensionHostProcess.js:79:16996)
	at r.value (/home/hec19gar/.vscode-server/bin/6c3e3dba23e8fadc360aed75ce363ba185c49794/out/vs/workbench/api/node/extensionHostProcess.js:79:15448)
	at f.w (/home/hec19gar/.vscode-server/bin/6c3e3dba23e8fadc360aed75ce363ba185c49794/out/vs/workbench/api/node/extensionHostProcess.js:63:1902)
	at fire (/home/hec19gar/.vscode-server/bin/6c3e3dba23e8fadc360aed75ce363ba185c49794/out/vs/workbench/api/node/extensionHostProcess.js:63:2119)
	at r.acceptChunk (/home/hec19gar/.vscode-server/bin/6c3e3dba23e8fadc360aed75ce363ba185c49794/out/vs/workbench/api/node/extensionHostProcess.js:79:11705)
	at r.value (/home/hec19gar/.vscode-server/bin/6c3e3dba23e8fadc360aed75ce363ba185c49794/out/vs/workbench/api/node/extensionHostProcess.js:79:10992)
	at f.w (/home/hec19gar/.vscode-server/bin/6c3e3dba23e8fadc360aed75ce363ba185c49794/out/vs/workbench/api/node/extensionHostProcess.js:63:1902)
	at fire (/home/hec19gar/.vscode-server/bin/6c3e3dba23e8fadc360aed75ce363ba185c49794/out/vs/workbench/api/node/extensionHostProcess.js:63:2119)
	at f.u (/home/hec19gar/.vscode-server/bin/6c3e3dba23e8fadc360aed75ce363ba185c49794/out/vs/workbench/api/node/extensionHostProcess.js:131:19097)
	at f.acceptFrame (/home/hec19gar/.vscode-server/bin/6c3e3dba23e8fadc360aed75ce363ba185c49794/out/vs/workbench/api/node/extensionHostProcess.js:131:18903)
	at c.l (/home/hec19gar/.vscode-server/bin/6c3e3dba23e8fadc360aed75ce363ba185c49794/out/vs/workbench/api/node/extensionHostProcess.js:131:17536)
	at /home/hec19gar/.vscode-server/bin/6c3e3dba23e8fadc360aed75ce363ba185c49794/out/vs/workbench/api/node/extensionHostProcess.js:131:14883
	at Socket.v (/home/hec19gar/.vscode-server/bin/6c3e3dba23e8fadc360aed75ce363ba185c49794/out/vs/workbench/api/node/extensionHostProcess.js:131:12797)
	at Socket.emit (node:events:513:28)
	at addChunk (node:internal/streams/readable:315:12)
	at readableAddChunk (node:internal/streams/readable:289:9)
	at Socket.Readable.push (node:internal/streams/readable:228:10)
	at TCP.onStreamRead (node:internal/stream_base_commons:190:23)
2023-08-26 18:30:40.590 [info] Extension host terminating: received terminate message from renderer
2023-08-26 18:30:40.591 [info] Lock '/home/hec19gar/.vscode-server/data/User/workspaceStorage/e8baf3156ede3352d57e4e9f4686df24/vscode.lock': Marking the lockfile as scheduled to be released in 6000 ms.
2023-08-26 18:30:40.651 [info] Extension host with pid 248 exiting with code 0
