2023-08-29 19:01:19.336 [info] Extension host with pid 1876 started
2023-08-29 19:01:19.519 [info] Lock '/home/hec19gar/.vscode-server/data/User/workspaceStorage/e8baf3156ede3352d57e4e9f4686df24/vscode.lock': Lock acquired.
2023-08-29 19:01:22.303 [info] ExtensionService#_doActivateExtension vscode.html-language-features, startup: false, activationEvent: 'onLanguage:html'
2023-08-29 19:01:22.305 [info] ExtensionService#_doActivateExtension vscode.emmet, startup: false, activationEvent: 'onLanguage'
2023-08-29 19:01:23.373 [info] ExtensionService#_doActivateExtension vscode.git-base, startup: true, activationEvent: '*', root cause: vscode.git
2023-08-29 19:01:24.125 [info] ExtensionService#_doActivateExtension vscode.git, startup: true, activationEvent: '*'
2023-08-29 19:01:24.126 [info] ExtensionService#_doActivateExtension vscode.github, startup: true, activationEvent: '*'
2023-08-29 19:01:25.542 [info] Eager extensions activated
2023-08-29 19:01:25.542 [info] ExtensionService#_doActivateExtension vscode.debug-auto-launch, startup: false, activationEvent: 'onStartupFinished'
2023-08-29 19:01:25.543 [info] ExtensionService#_doActivateExtension vscode.merge-conflict, startup: false, activationEvent: 'onStartupFinished'
2023-08-29 19:01:25.543 [info] ExtensionService#_doActivateExtension dbaeumer.vscode-eslint, startup: false, activationEvent: 'onStartupFinished'
2023-08-29 19:01:25.544 [info] ExtensionService#_doActivateExtension ritwickdey.LiveServer, startup: false, activationEvent: 'onStartupFinished'
2023-08-29 19:01:25.587 [info] ExtensionService#_doActivateExtension streetsidesoftware.code-spell-checker, startup: false, activationEvent: 'onStartupFinished'
2023-08-29 19:01:39.357 [info] Extension host terminating: received terminate message from renderer
2023-08-29 19:01:39.358 [info] Lock '/home/hec19gar/.vscode-server/data/User/workspaceStorage/e8baf3156ede3352d57e4e9f4686df24/vscode.lock': Marking the lockfile as scheduled to be released in 6000 ms.
2023-08-29 19:01:41.385 [error] Error: Stopping the server timed out
	at /home/hec19gar/.vscode-server/extensions/dbaeumer.vscode-eslint-2.4.2/client/out/extension.js:1:104311
	at async Promise.all (index 7)
	at async r.S (/home/hec19gar/.vscode-server/bin/6c3e3dba23e8fadc360aed75ce363ba185c49794/out/vs/workbench/api/node/extensionHostProcess.js:117:7595)
2023-08-29 19:01:41.385 [info] Extension host with pid 1876 exiting with code 0
