2023-08-26 18:31:02.439 [info] Log level: Info
2023-08-26 18:31:02.439 [info] Validating found git in: "git"
2023-08-26 18:31:02.439 [info] Using git "2.34.1" from "git"
2023-08-26 18:31:02.439 [info] > git rev-parse --show-toplevel [26ms]
2023-08-26 18:31:02.439 [info] fatal: not a git repository (or any of the parent directories): .git
2023-08-26 18:31:02.439 [info] > git rev-parse --show-toplevel [1ms]
2023-08-26 18:31:02.439 [info] fatal: not a git repository (or any of the parent directories): .git
2023-08-26 18:31:02.439 [info] > git rev-parse --show-toplevel [2ms]
2023-08-26 18:31:02.439 [info] fatal: not a git repository (or any of the parent directories): .git
2023-08-26 18:31:02.930 [info] > git rev-parse --show-toplevel [9ms]
2023-08-26 18:31:02.930 [info] fatal: not a git repository (or any of the parent directories): .git
2023-08-26 18:44:56.615 [info] > git rev-parse --show-toplevel [4ms]
2023-08-26 18:44:56.615 [info] fatal: not a git repository (or any of the parent directories): .git
2023-08-26 18:45:06.449 [info] > git rev-parse --show-toplevel [9ms]
2023-08-26 18:45:06.449 [info] fatal: not a git repository (or any of the parent directories): .git
2023-08-26 18:46:47.911 [info] > git rev-parse --show-toplevel [11ms]
2023-08-26 18:46:47.911 [info] fatal: not a git repository (or any of the parent directories): .git
2023-08-26 18:46:48.263 [info] > git rev-parse --show-toplevel [13ms]
2023-08-26 18:46:48.263 [info] fatal: not a git repository (or any of the parent directories): .git
2023-08-26 18:46:49.159 [info] > git rev-parse --show-toplevel [1ms]
2023-08-26 18:46:49.159 [info] fatal: not a git repository (or any of the parent directories): .git
2023-08-26 18:46:51.285 [info] > git rev-parse --show-toplevel [18ms]
2023-08-26 18:46:51.286 [info] fatal: not a git repository (or any of the parent directories): .git
2023-08-26 18:46:59.380 [info] > git rev-parse --show-toplevel [35ms]
2023-08-26 18:46:59.381 [info] fatal: not a git repository (or any of the parent directories): .git
2023-08-26 18:47:06.732 [info] > git rev-parse --show-toplevel [5ms]
2023-08-26 18:47:06.732 [info] fatal: not a git repository (or any of the parent directories): .git
2023-08-26 18:47:07.550 [info] > git rev-parse --show-toplevel [10ms]
2023-08-26 18:47:07.550 [info] fatal: not a git repository (or any of the parent directories): .git
2023-08-26 18:47:42.843 [info] > git rev-parse --show-toplevel [2ms]
2023-08-26 18:47:42.843 [info] fatal: not a git repository (or any of the parent directories): .git
2023-08-26 18:48:25.763 [info] > git rev-parse --show-toplevel [2ms]
2023-08-26 18:48:25.763 [info] fatal: not a git repository (or any of the parent directories): .git
